[33mWARNING[0m:  [14-04-2024 16:54:47] chroma_server_nofile is set to 65535, but this is less than current soft limit of 1048576. chroma_server_nofile will not be set.
[32mINFO[0m:     [14-04-2024 16:54:48] Anonymized telemetry enabled. See                     https://docs.trychroma.com/telemetry for more information.
[36mDEBUG[0m:    [14-04-2024 16:54:48] Starting component System
[36mDEBUG[0m:    [14-04-2024 16:54:48] Starting component OpenTelemetryClient
[36mDEBUG[0m:    [14-04-2024 16:54:48] Starting component SimpleAssignmentPolicy
[36mDEBUG[0m:    [14-04-2024 16:54:48] Starting component SqliteDB
[36mDEBUG[0m:    [14-04-2024 16:54:48] Starting component Posthog
[36mDEBUG[0m:    [14-04-2024 16:54:48] Starting component LocalSegmentManager
[36mDEBUG[0m:    [14-04-2024 16:54:48] Starting component SegmentAPI
[32mINFO[0m:     [14-04-2024 16:54:48] Started server process [[36m68002[0m]
[32mINFO[0m:     [14-04-2024 16:54:48] Waiting for application startup.
[32mINFO[0m:     [14-04-2024 16:54:48] Application startup complete.
[32mINFO[0m:     [14-04-2024 16:54:48] Uvicorn running on [1mhttp://0.0.0.0:8000[0m (Press CTRL+C to quit)
[33mWARNING[0m:  [26-04-2024 18:48:15] chroma_server_nofile is set to 65535, but this is less than current soft limit of 1048576. chroma_server_nofile will not be set.
[32mINFO[0m:     [26-04-2024 18:48:15] Anonymized telemetry enabled. See                     https://docs.trychroma.com/telemetry for more information.
[36mDEBUG[0m:    [26-04-2024 18:48:15] Starting component System
[36mDEBUG[0m:    [26-04-2024 18:48:15] Starting component OpenTelemetryClient
[36mDEBUG[0m:    [26-04-2024 18:48:15] Starting component SimpleAssignmentPolicy
[36mDEBUG[0m:    [26-04-2024 18:48:15] Starting component SqliteDB
[36mDEBUG[0m:    [26-04-2024 18:48:15] Starting component Posthog
[36mDEBUG[0m:    [26-04-2024 18:48:15] Starting component LocalSegmentManager
[36mDEBUG[0m:    [26-04-2024 18:48:15] Starting component SegmentAPI
[32mINFO[0m:     [26-04-2024 18:48:15] Started server process [[36m60594[0m]
[32mINFO[0m:     [26-04-2024 18:48:15] Waiting for application startup.
[32mINFO[0m:     [26-04-2024 18:48:15] Application startup complete.
[31mERROR[0m:    [26-04-2024 18:48:15] [Errno 98] error while attempting to bind on address ('0.0.0.0', 8000): address already in use
[32mINFO[0m:     [26-04-2024 18:48:15] Waiting for application shutdown.
[32mINFO[0m:     [26-04-2024 18:48:15] Application shutdown complete.
[33mWARNING[0m:  [26-04-2024 18:49:50] chroma_server_nofile is set to 65535, but this is less than current soft limit of 1048576. chroma_server_nofile will not be set.
[32mINFO[0m:     [26-04-2024 18:49:50] Anonymized telemetry enabled. See                     https://docs.trychroma.com/telemetry for more information.
[36mDEBUG[0m:    [26-04-2024 18:49:50] Starting component System
[36mDEBUG[0m:    [26-04-2024 18:49:50] Starting component OpenTelemetryClient
[36mDEBUG[0m:    [26-04-2024 18:49:50] Starting component SimpleAssignmentPolicy
[36mDEBUG[0m:    [26-04-2024 18:49:50] Starting component SqliteDB
[36mDEBUG[0m:    [26-04-2024 18:49:50] Starting component Posthog
[36mDEBUG[0m:    [26-04-2024 18:49:50] Starting component LocalSegmentManager
[36mDEBUG[0m:    [26-04-2024 18:49:50] Starting component SegmentAPI
[32mINFO[0m:     [26-04-2024 18:49:50] Started server process [[36m61447[0m]
[32mINFO[0m:     [26-04-2024 18:49:50] Waiting for application startup.
[32mINFO[0m:     [26-04-2024 18:49:50] Application startup complete.
[32mINFO[0m:     [26-04-2024 18:49:50] Uvicorn running on [1mhttp://0.0.0.0:8000[0m (Press CTRL+C to quit)
[33mWARNING[0m:  [26-04-2024 18:57:49] chroma_server_nofile is set to 65535, but this is less than current soft limit of 1048576. chroma_server_nofile will not be set.
[32mINFO[0m:     [26-04-2024 18:57:49] Anonymized telemetry enabled. See                     https://docs.trychroma.com/telemetry for more information.
[36mDEBUG[0m:    [26-04-2024 18:57:49] Starting component System
[36mDEBUG[0m:    [26-04-2024 18:57:49] Starting component OpenTelemetryClient
[36mDEBUG[0m:    [26-04-2024 18:57:49] Starting component SimpleAssignmentPolicy
[36mDEBUG[0m:    [26-04-2024 18:57:49] Starting component SqliteDB
[36mDEBUG[0m:    [26-04-2024 18:57:49] Starting component Posthog
[36mDEBUG[0m:    [26-04-2024 18:57:49] Starting component LocalSegmentManager
[36mDEBUG[0m:    [26-04-2024 18:57:49] Starting component SegmentAPI
[32mINFO[0m:     [26-04-2024 18:57:49] Started server process [[36m66410[0m]
[32mINFO[0m:     [26-04-2024 18:57:49] Waiting for application startup.
[32mINFO[0m:     [26-04-2024 18:57:49] Application startup complete.
[31mERROR[0m:    [26-04-2024 18:57:49] [Errno 98] error while attempting to bind on address ('0.0.0.0', 8000): address already in use
[32mINFO[0m:     [26-04-2024 18:57:49] Waiting for application shutdown.
[32mINFO[0m:     [26-04-2024 18:57:49] Application shutdown complete.
[33mWARNING[0m:  [26-04-2024 19:02:34] chroma_server_nofile is set to 65535, but this is less than current soft limit of 1048576. chroma_server_nofile will not be set.
[32mINFO[0m:     [26-04-2024 19:02:35] Anonymized telemetry enabled. See                     https://docs.trychroma.com/telemetry for more information.
[36mDEBUG[0m:    [26-04-2024 19:02:35] Starting component System
[36mDEBUG[0m:    [26-04-2024 19:02:35] Starting component OpenTelemetryClient
[36mDEBUG[0m:    [26-04-2024 19:02:35] Starting component SimpleAssignmentPolicy
[36mDEBUG[0m:    [26-04-2024 19:02:35] Starting component SqliteDB
[36mDEBUG[0m:    [26-04-2024 19:02:35] Starting component Posthog
[36mDEBUG[0m:    [26-04-2024 19:02:35] Starting component LocalSegmentManager
[36mDEBUG[0m:    [26-04-2024 19:02:35] Starting component SegmentAPI
[32mINFO[0m:     [26-04-2024 19:02:35] Started server process [[36m69839[0m]
[32mINFO[0m:     [26-04-2024 19:02:35] Waiting for application startup.
[32mINFO[0m:     [26-04-2024 19:02:35] Application startup complete.
[31mERROR[0m:    [26-04-2024 19:02:35] [Errno 98] error while attempting to bind on address ('0.0.0.0', 8000): address already in use
[32mINFO[0m:     [26-04-2024 19:02:35] Waiting for application shutdown.
[32mINFO[0m:     [26-04-2024 19:02:35] Application shutdown complete.
